<html>
<body>
<pre>
<h1>µVision Build Log</h1>
<h2>Tool Versions:</h2>
IDE-Version: µVision V5.28.0.0
Copyright (C) 2019 ARM Ltd and ARM Germany GmbH. All rights reserved.
License Information: asfsdf afasdf, asfasf, LIC=UJWP0-BJLC3-9UQ4U-SYVAV-FD8AH-T8K8E
 
Tool Versions:
Toolchain:       MDK-ARM Plus  Version: 5.28.0.0
Toolchain Path:  C:\Keil_v5\ARM\ARMCC\Bin
C Compiler:      Armcc.exe V5.06 update 6 (build 750)
Assembler:       Armasm.exe V5.06 update 6 (build 750)
Linker/Locator:  ArmLink.exe V5.06 update 6 (build 750)
Library Manager: ArmAr.exe V5.06 update 6 (build 750)
Hex Converter:   FromElf.exe V5.06 update 6 (build 750)
CPU DLL:         SARMCM3.DLL V5.28.0.0
Dialog DLL:      DCM.DLL V1.17.3.0
Target DLL:      STLink\ST-LINKIII-KEIL_SWO.dll V3.0.6.0
Dialog DLL:      TCM.DLL V1.36.2.0
 
<h2>Project:</h2>
C:\Users\Phong Nguyen\Desktop\Template\myf4.uvprojx
Project File Date:  11/18/2022

<h2>Output:</h2>
*** Using Compiler 'V5.06 update 6 (build 750)', folder: 'C:\Keil_v5\ARM\ARMCC\Bin'
Build target 'Target 1'
compiling stm32f4xx_gpio.c...
STM32F4xx_StdPeriph_Driver\src\stm32f4xx_gpio.c(123): warning:  #223-D: function "assert_param" declared implicitly
    assert_param(IS_GPIO_ALL_PERIPH(GPIOx));
STM32F4xx_StdPeriph_Driver\src\stm32f4xx_gpio.c(123): error:  #20: identifier "GPIOF" is undefined
    assert_param(IS_GPIO_ALL_PERIPH(GPIOx));
STM32F4xx_StdPeriph_Driver\src\stm32f4xx_gpio.c(123): error:  #20: identifier "GPIOG" is undefined
    assert_param(IS_GPIO_ALL_PERIPH(GPIOx));
STM32F4xx_StdPeriph_Driver\src\stm32f4xx_gpio.c(123): error:  #20: identifier "GPIOI" is undefined
    assert_param(IS_GPIO_ALL_PERIPH(GPIOx));
STM32F4xx_StdPeriph_Driver\src\stm32f4xx_gpio.c(123): error:  #20: identifier "GPIOJ" is undefined
    assert_param(IS_GPIO_ALL_PERIPH(GPIOx));
STM32F4xx_StdPeriph_Driver\src\stm32f4xx_gpio.c(123): error:  #20: identifier "GPIOK" is undefined
    assert_param(IS_GPIO_ALL_PERIPH(GPIOx));
STM32F4xx_StdPeriph_Driver\src\stm32f4xx_gpio.c(200): warning:  #223-D: function "assert_param" declared implicitly
    assert_param(IS_GPIO_ALL_PERIPH(GPIOx));
STM32F4xx_StdPeriph_Driver\src\stm32f4xx_gpio.c(200): error:  #20: identifier "GPIOF" is undefined
    assert_param(IS_GPIO_ALL_PERIPH(GPIOx));
STM32F4xx_StdPeriph_Driver\src\stm32f4xx_gpio.c(200): error:  #20: identifier "GPIOG" is undefined
    assert_param(IS_GPIO_ALL_PERIPH(GPIOx));
STM32F4xx_StdPeriph_Driver\src\stm32f4xx_gpio.c(200): error:  #20: identifier "GPIOI" is undefined
    assert_param(IS_GPIO_ALL_PERIPH(GPIOx));
STM32F4xx_StdPeriph_Driver\src\stm32f4xx_gpio.c(200): error:  #20: identifier "GPIOJ" is undefined
    assert_param(IS_GPIO_ALL_PERIPH(GPIOx));
STM32F4xx_StdPeriph_Driver\src\stm32f4xx_gpio.c(200): error:  #20: identifier "GPIOK" is undefined
    assert_param(IS_GPIO_ALL_PERIPH(GPIOx));
STM32F4xx_StdPeriph_Driver\src\stm32f4xx_gpio.c(275): warning:  #223-D: function "assert_param" declared implicitly
    assert_param(IS_GPIO_ALL_PERIPH(GPIOx));
STM32F4xx_StdPeriph_Driver\src\stm32f4xx_gpio.c(275): error:  #20: identifier "GPIOF" is undefined
    assert_param(IS_GPIO_ALL_PERIPH(GPIOx));
STM32F4xx_StdPeriph_Driver\src\stm32f4xx_gpio.c(275): error:  #20: identifier "GPIOG" is undefined
    assert_param(IS_GPIO_ALL_PERIPH(GPIOx));
STM32F4xx_StdPeriph_Driver\src\stm32f4xx_gpio.c(275): error:  #20: identifier "GPIOI" is undefined
    assert_param(IS_GPIO_ALL_PERIPH(GPIOx));
STM32F4xx_StdPeriph_Driver\src\stm32f4xx_gpio.c(275): error:  #20: identifier "GPIOJ" is undefined
    assert_param(IS_GPIO_ALL_PERIPH(GPIOx));
STM32F4xx_StdPeriph_Driver\src\stm32f4xx_gpio.c(275): error:  #20: identifier "GPIOK" is undefined
    assert_param(IS_GPIO_ALL_PERIPH(GPIOx));
STM32F4xx_StdPeriph_Driver\src\stm32f4xx_gpio.c(321): warning:  #223-D: function "assert_param" declared implicitly
    assert_param(IS_GPIO_ALL_PERIPH(GPIOx));
STM32F4xx_StdPeriph_Driver\src\stm32f4xx_gpio.c(321): error:  #20: identifier "GPIOF" is undefined
    assert_param(IS_GPIO_ALL_PERIPH(GPIOx));
STM32F4xx_StdPeriph_Driver\src\stm32f4xx_gpio.c(321): error:  #20: identifier "GPIOG" is undefined
    assert_param(IS_GPIO_ALL_PERIPH(GPIOx));
STM32F4xx_StdPeriph_Driver\src\stm32f4xx_gpio.c(321): error:  #20: identifier "GPIOI" is undefined
    assert_param(IS_GPIO_ALL_PERIPH(GPIOx));
STM32F4xx_StdPeriph_Driver\src\stm32f4xx_gpio.c(321): error:  #20: identifier "GPIOJ" is undefined
    assert_param(IS_GPIO_ALL_PERIPH(GPIOx));
STM32F4xx_StdPeriph_Driver\src\stm32f4xx_gpio.c(321): error:  #20: identifier "GPIOK" is undefined
    assert_param(IS_GPIO_ALL_PERIPH(GPIOx));
STM32F4xx_StdPeriph_Driver\src\stm32f4xx_gpio.c(345): warning:  #223-D: function "assert_param" declared implicitly
    assert_param(IS_GPIO_ALL_PERIPH(GPIOx));
STM32F4xx_StdPeriph_Driver\src\stm32f4xx_gpio.c(345): error:  #20: identifier "GPIOF" is undefined
    assert_param(IS_GPIO_ALL_PERIPH(GPIOx));
STM32F4xx_StdPeriph_Driver\src\stm32f4xx_gpio.c(345): error:  #20: identifier "GPIOG" is undefined
    assert_param(IS_GPIO_ALL_PERIPH(GPIOx));
STM32F4xx_StdPeriph_Driver\src\stm32f4xx_gpio.c(345): error:  #20: identifier "GPIOI" is undefined
    assert_param(IS_GPIO_ALL_PERIPH(GPIOx));
STM32F4xx_StdPeriph_Driver\src\stm32f4xx_gpio.c(345): error:  #20: identifier "GPIOJ" is undefined
    assert_param(IS_GPIO_ALL_PERIPH(GPIOx));
STM32F4xx_StdPeriph_Driver\src\stm32f4xx_gpio.c(345): error:  #20: identifier "GPIOK" is undefined
    assert_param(IS_GPIO_ALL_PERIPH(GPIOx));
STM32F4xx_StdPeriph_Driver\src\stm32f4xx_gpio.c(364): warning:  #223-D: function "assert_param" declared implicitly
    assert_param(IS_GPIO_ALL_PERIPH(GPIOx));
STM32F4xx_StdPeriph_Driver\src\stm32f4xx_gpio.c(364): error:  #20: identifier "GPIOF" is undefined
    assert_param(IS_GPIO_ALL_PERIPH(GPIOx));
STM32F4xx_StdPeriph_Driver\src\stm32f4xx_gpio.c(364): error:  #20: identifier "GPIOG" is undefined
    assert_param(IS_GPIO_ALL_PERIPH(GPIOx));
STM32F4xx_StdPeriph_Driver\src\stm32f4xx_gpio.c(364): error:  #20: identifier "GPIOI" is undefined
    assert_param(IS_GPIO_ALL_PERIPH(GPIOx));
STM32F4xx_StdPeriph_Driver\src\stm32f4xx_gpio.c(364): error:  #20: identifier "GPIOJ" is undefined
    assert_param(IS_GPIO_ALL_PERIPH(GPIOx));
STM32F4xx_StdPeriph_Driver\src\stm32f4xx_gpio.c(364): error:  #20: identifier "GPIOK" is undefined
    assert_param(IS_GPIO_ALL_PERIPH(GPIOx));
STM32F4xx_StdPeriph_Driver\src\stm32f4xx_gpio.c: 6 warnings, 30 errors
compiling stm32f4xx_rcc.c...
STM32F4xx_StdPeriph_Driver\src\stm32f4xx_rcc.c(280): warning:  #223-D: function "assert_param" declared implicitly
    assert_param(IS_RCC_HSE(RCC_HSE));
STM32F4xx_StdPeriph_Driver\src\stm32f4xx_rcc.c(311): error:  #20: identifier "HSE_STARTUP_TIMEOUT" is undefined
    } while((startupcounter != HSE_STARTUP_TIMEOUT) && (hsestatus == RESET));
STM32F4xx_StdPeriph_Driver\src\stm32f4xx_rcc.c(336): warning:  #223-D: function "assert_param" declared implicitly
    assert_param(IS_RCC_CALIBRATION_VALUE(HSICalibrationValue));
STM32F4xx_StdPeriph_Driver\src\stm32f4xx_rcc.c(371): warning:  #223-D: function "assert_param" declared implicitly
    assert_param(IS_FUNCTIONAL_STATE(NewState));
STM32F4xx_StdPeriph_Driver\src\stm32f4xx_rcc.c(396): warning:  #223-D: function "assert_param" declared implicitly
    assert_param(IS_RCC_LSE(RCC_LSE));
STM32F4xx_StdPeriph_Driver\src\stm32f4xx_rcc.c(436): warning:  #223-D: function "assert_param" declared implicitly
    assert_param(IS_FUNCTIONAL_STATE(NewState));
STM32F4xx_StdPeriph_Driver\src\stm32f4xx_rcc.c(535): warning:  #223-D: function "assert_param" declared implicitly
    assert_param(IS_RCC_PLL_SOURCE(RCC_PLLSource));
STM32F4xx_StdPeriph_Driver\src\stm32f4xx_rcc.c(559): warning:  #223-D: function "assert_param" declared implicitly
    assert_param(IS_FUNCTIONAL_STATE(NewState));
STM32F4xx_StdPeriph_Driver\src\stm32f4xx_rcc.c(627): warning:  #223-D: function "assert_param" declared implicitly
    assert_param(IS_RCC_PLLI2SN_VALUE(PLLI2SN));
STM32F4xx_StdPeriph_Driver\src\stm32f4xx_rcc.c(728): warning:  #223-D: function "assert_param" declared implicitly
    assert_param(IS_FUNCTIONAL_STATE(NewState));
STM32F4xx_StdPeriph_Driver\src\stm32f4xx_rcc.c(837): warning:  #223-D: function "assert_param" declared implicitly
    assert_param(IS_RCC_PLLSAIN_VALUE(PLLSAIN));
STM32F4xx_StdPeriph_Driver\src\stm32f4xx_rcc.c(841): error:  #136: struct "<unnamed>"  has no field "PLLSAICFGR"
    RCC->PLLSAICFGR = (PLLSAIN << 6) | (PLLSAIQ << 24) | (PLLSAIR << 28);
STM32F4xx_StdPeriph_Driver\src\stm32f4xx_rcc.c(857): warning:  #223-D: function "assert_param" declared implicitly
    assert_param(IS_FUNCTIONAL_STATE(NewState));
STM32F4xx_StdPeriph_Driver\src\stm32f4xx_rcc.c(875): warning:  #223-D: function "assert_param" declared implicitly
    assert_param(IS_FUNCTIONAL_STATE(NewState));
STM32F4xx_StdPeriph_Driver\src\stm32f4xx_rcc.c(902): warning:  #223-D: function "assert_param" declared implicitly
    assert_param(IS_RCC_MCO1SOURCE(RCC_MCO1Source));
STM32F4xx_StdPeriph_Driver\src\stm32f4xx_rcc.c(947): warning:  #223-D: function "assert_param" declared implicitly
    assert_param(IS_RCC_MCO2SOURCE(RCC_MCO2Source));
STM32F4xx_StdPeriph_Driver\src\stm32f4xx_rcc.c(1147): warning:  #223-D: function "assert_param" declared implicitly
    assert_param(IS_RCC_SYSCLK_SOURCE(RCC_SYSCLKSource));
STM32F4xx_StdPeriph_Driver\src\stm32f4xx_rcc.c(1201): warning:  #223-D: function "assert_param" declared implicitly
    assert_param(IS_RCC_HCLK(RCC_SYSCLK));
STM32F4xx_StdPeriph_Driver\src\stm32f4xx_rcc.c(1232): warning:  #223-D: function "assert_param" declared implicitly
    assert_param(IS_RCC_PCLK(RCC_HCLK));
STM32F4xx_StdPeriph_Driver\src\stm32f4xx_rcc.c(1263): warning:  #223-D: function "assert_param" declared implicitly
    assert_param(IS_RCC_PCLK(RCC_HCLK));
STM32F4xx_StdPeriph_Driver\src\stm32f4xx_rcc.c(1323): error:  #20: identifier "HSI_VALUE" is undefined
      RCC_Clocks->SYSCLK_Frequency = HSI_VALUE;
STM32F4xx_StdPeriph_Driver\src\stm32f4xx_rcc.c(1326): error:  #20: identifier "HSE_VALUE" is undefined
      RCC_Clocks->SYSCLK_Frequency = HSE_VALUE;
STM32F4xx_StdPeriph_Driver\src\stm32f4xx_rcc.c(1468): warning:  #223-D: function "assert_param" declared implicitly
    assert_param(IS_RCC_RTCCLK_SOURCE(RCC_RTCCLKSource));
STM32F4xx_StdPeriph_Driver\src\stm32f4xx_rcc.c(1498): warning:  #223-D: function "assert_param" declared implicitly
    assert_param(IS_FUNCTIONAL_STATE(NewState));
STM32F4xx_StdPeriph_Driver\src\stm32f4xx_rcc.c(1515): warning:  #223-D: function "assert_param" declared implicitly
    assert_param(IS_FUNCTIONAL_STATE(NewState));
STM32F4xx_StdPeriph_Driver\src\stm32f4xx_rcc.c(1703): warning:  #223-D: function "assert_param" declared implicitly
    assert_param(IS_RCC_I2SCLK_SOURCE(RCC_I2SCLKSource));
STM32F4xx_StdPeriph_Driver\src\stm32f4xx_rcc.c(1801): warning:  #223-D: function "assert_param" declared implicitly
    assert_param(IS_RCC_PLLI2S_DIVQ_VALUE(RCC_PLLI2SDivQ));
STM32F4xx_StdPeriph_Driver\src\stm32f4xx_rcc.c(1806): error:  #20: identifier "RCC_DCKCFGR_PLLI2SDIVQ" is undefined
    tmpreg &= ~(RCC_DCKCFGR_PLLI2SDIVQ);
STM32F4xx_StdPeriph_Driver\src\stm32f4xx_rcc.c(1833): warning:  #223-D: function "assert_param" declared implicitly
    assert_param(IS_RCC_PLLSAI_DIVQ_VALUE(RCC_PLLSAIDivQ));
STM32F4xx_StdPeriph_Driver\src\stm32f4xx_rcc.c(1838): error:  #20: identifier "RCC_DCKCFGR_PLLSAIDIVQ" is undefined
    tmpreg &= ~(RCC_DCKCFGR_PLLSAIDIVQ);
STM32F4xx_StdPeriph_Driver\src\stm32f4xx_rcc.c(1932): warning:  #223-D: function "assert_param" declared implicitly
    assert_param(IS_RCC_PLLSAI_DIVR_VALUE(RCC_PLLSAIDivR));
STM32F4xx_StdPeriph_Driver\src\stm32f4xx_rcc.c(1937): error:  #20: identifier "RCC_DCKCFGR_PLLSAIDIVR" is undefined
    tmpreg &= ~RCC_DCKCFGR_PLLSAIDIVR;
STM32F4xx_StdPeriph_Driver\src\stm32f4xx_rcc.c(2058): warning:  #223-D: function "assert_param" declared implicitly
    assert_param(IS_RCC_TIMCLK_PRESCALER(RCC_TIMCLKPrescaler));
STM32F4xx_StdPeriph_Driver\src\stm32f4xx_rcc.c(2100): warning:  #223-D: function "assert_param" declared implicitly
    assert_param(IS_RCC_AHB1_CLOCK_PERIPH(RCC_AHB1Periph));
STM32F4xx_StdPeriph_Driver\src\stm32f4xx_rcc.c(2132): warning:  #223-D: function "assert_param" declared implicitly
    assert_param(IS_RCC_AHB2_PERIPH(RCC_AHB2Periph));
STM32F4xx_StdPeriph_Driver\src\stm32f4xx_rcc.c(2219): warning:  #223-D: function "assert_param" declared implicitly
    assert_param(IS_RCC_APB1_PERIPH(RCC_APB1Periph));  
STM32F4xx_StdPeriph_Driver\src\stm32f4xx_rcc.c(2271): warning:  #223-D: function "assert_param" declared implicitly
    assert_param(IS_RCC_APB2_PERIPH(RCC_APB2Periph));
STM32F4xx_StdPeriph_Driver\src\stm32f4xx_rcc.c(2313): warning:  #223-D: function "assert_param" declared implicitly
    assert_param(IS_RCC_AHB1_RESET_PERIPH(RCC_AHB1Periph));
STM32F4xx_StdPeriph_Driver\src\stm32f4xx_rcc.c(2342): warning:  #223-D: function "assert_param" declared implicitly
    assert_param(IS_RCC_AHB2_PERIPH(RCC_AHB2Periph));
STM32F4xx_StdPeriph_Driver\src\stm32f4xx_rcc.c(2423): warning:  #223-D: function "assert_param" declared implicitly
    assert_param(IS_RCC_APB1_PERIPH(RCC_APB1Periph));
STM32F4xx_StdPeriph_Driver\src\stm32f4xx_rcc.c(2470): warning:  #223-D: function "assert_param" declared implicitly
    assert_param(IS_RCC_APB2_RESET_PERIPH(RCC_APB2Periph));
STM32F4xx_StdPeriph_Driver\src\stm32f4xx_rcc.c(2519): warning:  #223-D: function "assert_param" declared implicitly
    assert_param(IS_RCC_AHB1_LPMODE_PERIPH(RCC_AHB1Periph));
STM32F4xx_StdPeriph_Driver\src\stm32f4xx_rcc.c(2551): warning:  #223-D: function "assert_param" declared implicitly
    assert_param(IS_RCC_AHB2_PERIPH(RCC_AHB2Periph));
STM32F4xx_StdPeriph_Driver\src\stm32f4xx_rcc.c(2638): warning:  #223-D: function "assert_param" declared implicitly
    assert_param(IS_RCC_APB1_PERIPH(RCC_APB1Periph));
STM32F4xx_StdPeriph_Driver\src\stm32f4xx_rcc.c(2690): warning:  #223-D: function "assert_param" declared implicitly
    assert_param(IS_RCC_APB2_PERIPH(RCC_APB2Periph));
STM32F4xx_StdPeriph_Driver\src\stm32f4xx_rcc.c(2714): warning:  #223-D: function "assert_param" declared implicitly
    assert_param(IS_RCC_LSE_MODE(RCC_Mode));
STM32F4xx_StdPeriph_Driver\src\stm32f4xx_rcc.c(3026): warning:  #223-D: function "assert_param" declared implicitly
    assert_param(IS_RCC_IT(RCC_IT));
STM32F4xx_StdPeriph_Driver\src\stm32f4xx_rcc.c(3067): warning:  #223-D: function "assert_param" declared implicitly
    assert_param(IS_RCC_FLAG(RCC_FLAG));
STM32F4xx_StdPeriph_Driver\src\stm32f4xx_rcc.c(3130): warning:  #223-D: function "assert_param" declared implicitly
    assert_param(IS_RCC_GET_IT(RCC_IT));
STM32F4xx_StdPeriph_Driver\src\stm32f4xx_rcc.c(3162): warning:  #223-D: function "assert_param" declared implicitly
    assert_param(IS_RCC_CLEAR_IT(RCC_IT));
STM32F4xx_StdPeriph_Driver\src\stm32f4xx_rcc.c: 43 warnings, 7 errors
".\Objects\myf4.axf" - 37 Error(s), 49 Warning(s).

<h2>Software Packages used:</h2>

Package Vendor: ARM
                http://www.keil.com/pack/ARM.CMSIS.5.7.0.pack
                ARM.CMSIS.5.7.0
                CMSIS (Cortex Microcontroller Software Interface Standard)
   * Component: CORE Version: 5.4.0

Package Vendor: Keil
                http://www.keil.com/pack/Keil.STM32F4xx_DFP.2.14.0.pack
                Keil.STM32F4xx_DFP.2.14.0
                STMicroelectronics STM32F4 Series Device Support, Drivers and Examples
   * Component: Startup Version: 2.6.3

<h2>Collection of Component include folders:</h2>
  .\RTE\_Target_1
  C:\Users\Phong Nguyen\AppData\Local\Arm\Packs\ARM\CMSIS\5.7.0\CMSIS\Core\Include
  C:\Users\Phong Nguyen\AppData\Local\Arm\Packs\Keil\STM32F4xx_DFP\2.14.0\Drivers\CMSIS\Device\ST\STM32F4xx\Include

<h2>Collection of Component Files used:</h2>

   * Component: ARM::CMSIS:CORE:5.4.0

   * Component: Keil::Device:Startup:2.6.3
      Source file:   Drivers\CMSIS\Device\ST\STM32F4xx\Source\Templates\system_stm32f4xx.c
      Source file:   MDK\Device\Source\ARM\STM32F4xx_OTP.s
      Source file:   Drivers\CMSIS\Device\ST\STM32F4xx\Source\Templates\arm\startup_stm32f411xe.s
      Source file:   MDK\Device\Source\ARM\STM32F411xx_OPT.s
      Include file:  Drivers\CMSIS\Device\ST\STM32F4xx\Include\stm32f4xx.h
Target not created.
Build Time Elapsed:  00:00:00
</pre>
</body>
</html>
